Using pre-set license
Built from '2020.3/staging' branch; Version is '2020.3.32f1 (12f8b0834f07) revision 1243312'; Using compiler version '192528614'; Build Type 'Release'
OS: 'Windows 11  (10.0.22000) 64bit Professional' Language: 'ko' Physical Memory: 32476 MB
BatchMode: 1, IsHumanControllingUs: 0, StartBugReporterOnCrash: 0, Is64bit: 1, IsPro: 0

COMMAND LINE ARGUMENTS:
C:\Program Files\Unity\Hub\Editor\2020.3.32f1\Editor\Unity.exe
-adb2
-batchMode
-noUpm
-name
AssetImportWorker0
-projectPath
C:/Users/sogang/Documents/development/VR
-logFile
Logs/AssetImportWorker0.log
-srvPort
1788
Successfully changed project path to: C:/Users/sogang/Documents/development/VR
C:/Users/sogang/Documents/development/VR
Using Asset Import Pipeline V2.
Refreshing native plugins compatible for Editor in 70.24 ms, found 6 plugins.
Preloading 1 native plugins for Editor in 0.48 ms.
Initialize engine version: 2020.3.32f1 (12f8b0834f07)
[Subsystems] Discovering subsystems at path C:/Program Files/Unity/Hub/Editor/2020.3.32f1/Editor/Data/Resources/UnitySubsystems
[Subsystems] Discovering subsystems at path C:/Users/sogang/Documents/development/VR/Assets
GfxDevice: creating device client; threaded=0
Direct3D:
    Version:  Direct3D 11.0 [level 11.1]
    Renderer: NVIDIA GeForce RTX 3070 (ID=0x2488)
    Vendor:   
    VRAM:     8043 MB
    Driver:   30.0.15.1165
Shader 'Oculus/OVRMRCameraFrameLit': fallback shader 'Alpha-Diffuse' not found
Initialize mono
Mono path[0] = 'C:/Program Files/Unity/Hub/Editor/2020.3.32f1/Editor/Data/Managed'
Mono path[1] = 'C:/Program Files/Unity/Hub/Editor/2020.3.32f1/Editor/Data/MonoBleedingEdge/lib/mono/unityjit'
Mono config path = 'C:/Program Files/Unity/Hub/Editor/2020.3.32f1/Editor/Data/MonoBleedingEdge/etc'
Using monoOptions --debugger-agent=transport=dt_socket,embedding=1,server=y,suspend=n,address=127.0.0.1:56876
Begin MonoManager ReloadAssembly
Registering precompiled unity dll's ...
Register platform support module: C:/Program Files/Unity/Hub/Editor/2020.3.32f1/Editor/Data/PlaybackEngines/WebGLSupport/UnityEditor.WebGL.Extensions.dll
Register platform support module: C:/Program Files/Unity/Hub/Editor/2020.3.32f1/Editor/Data/PlaybackEngines/WindowsStandaloneSupport/UnityEditor.WindowsStandalone.Extensions.dll
Registered in 0.001610 seconds.
Native extension for WindowsStandalone target not found
Native extension for WebGL target not found
Refreshing native plugins compatible for Editor in 58.13 ms, found 6 plugins.
Preloading 1 native plugins for Editor in 0.06 ms.
Mono: successfully reloaded assembly
- Completed reload, in  0.472 seconds
Domain Reload Profiling:
	ReloadAssembly (473ms)
		BeginReloadAssembly (52ms)
			ExecutionOrderSort (0ms)
			DisableScriptedObjects (0ms)
			BackupInstance (0ms)
			ReleaseScriptingObjects (0ms)
			CreateAndSetChildDomain (1ms)
		EndReloadAssembly (367ms)
			LoadAssemblies (50ms)
			RebuildTransferFunctionScriptingTraits (0ms)
			SetupTypeCache (105ms)
			ReleaseScriptCaches (0ms)
			RebuildScriptCaches (21ms)
			SetupLoadedEditorAssemblies (157ms)
				LogAssemblyErrors (0ms)
				InitializePlatformSupportModulesInManaged (4ms)
				SetLoadedEditorAssemblies (0ms)
				RefreshPlugins (58ms)
				BeforeProcessingInitializeOnLoad (11ms)
				ProcessInitializeOnLoadAttributes (62ms)
				ProcessInitializeOnLoadMethodAttributes (21ms)
				AfterProcessingInitializeOnLoad (0ms)
				EditorAssembliesLoaded (0ms)
			ExecutionOrderSort2 (0ms)
			AwakeInstancesAfterBackupRestoration (0ms)
Platform modules already initialized, skipping
Registering precompiled user dll's ...
Registered in 0.004673 seconds.
Begin MonoManager ReloadAssembly
Native extension for WindowsStandalone target not found
Native extension for WebGL target not found
Refreshing native plugins compatible for Editor in 55.55 ms, found 6 plugins.
Preloading 1 native plugins for Editor in 0.07 ms.
[XR] OculusXRPlugin: registering subsystems
[XR] Unable to register display lifecyle provider: [1]
[XR] Oculus Input lifecycle provider registered.
[XR] Unable to register input lifecyle provider: [1]
[XR] OVRP version 1.71.0
Mono: successfully reloaded assembly
- Completed reload, in  0.960 seconds
Domain Reload Profiling:
	ReloadAssembly (962ms)
		BeginReloadAssembly (118ms)
			ExecutionOrderSort (0ms)
			DisableScriptedObjects (4ms)
			BackupInstance (0ms)
			ReleaseScriptingObjects (0ms)
			CreateAndSetChildDomain (18ms)
		EndReloadAssembly (797ms)
			LoadAssemblies (84ms)
			RebuildTransferFunctionScriptingTraits (0ms)
			SetupTypeCache (235ms)
			ReleaseScriptCaches (0ms)
			RebuildScriptCaches (50ms)
			SetupLoadedEditorAssemblies (337ms)
				LogAssemblyErrors (0ms)
				InitializePlatformSupportModulesInManaged (3ms)
				SetLoadedEditorAssemblies (0ms)
				RefreshPlugins (56ms)
				BeforeProcessingInitializeOnLoad (64ms)
				ProcessInitializeOnLoadAttributes (198ms)
				ProcessInitializeOnLoadMethodAttributes (12ms)
				AfterProcessingInitializeOnLoad (4ms)
				EditorAssembliesLoaded (0ms)
			ExecutionOrderSort2 (0ms)
			AwakeInstancesAfterBackupRestoration (4ms)
Platform modules already initialized, skipping
========================================================================
Worker process is ready to serve import requests
Shader 'Oculus/OVRMRCameraFrameLit': fallback shader 'Alpha-Diffuse' not found
Launched and connected shader compiler UnityShaderCompiler.exe after 0.04 seconds
Refreshing native plugins compatible for Editor in 0.62 ms, found 6 plugins.
Preloading 1 native plugins for Editor in 0.07 ms.
Unloading 3004 Unused Serialized files (Serialized files now loaded: 0)
System memory in use before: 132.2 MB.
System memory in use after: 132.4 MB.

Unloading 44 unused Assets to reduce memory usage. Loaded Objects now: 3423.
Total: 2.380700 ms (FindLiveObjects: 0.166600 ms CreateObjectMapping: 0.075800 ms MarkObjects: 2.062300 ms  DeleteObjects: 0.075100 ms)

AssetImportParameters requested are different than current active one (requested -> active):
  custom:framework-win-MediaFoundation: 216162199b28c13a410421893ffa2e32 -> 
  custom:video-decoder-ogg-theora: a1e56fd34408186e4bbccfd4996cb3dc -> 
  custom:container-muxer-webm: aa71ff27fc2769a1b78a27578f13a17b -> 
  custom:container-demuxer-webm: 4f35f7cbe854078d1ac9338744f61a02 -> 
  custom:container-demuxer-ogg: 62fdf1f143b41e24485cea50d1cbac27 -> 
  custom:video-encoder-webm-vp8: eb34c28f22e8b96e1ab97ce403110664 -> 
  custom:video-codec-MediaFoundation-h265: 746d11721c4dcdbdad8f713fa42b33f4 -> 
  custom:video-decoder-webm-vp8: 9c59270c3fd7afecdb556c50c9e8de78 -> 
  custom:audio-decoder-ogg-vorbis: bf7c407c2cedff20999df2af8eb42d56 -> 
  custom:audio-encoder-webm-vorbis: bf7c407c2cedff20999df2af8eb42d56 -> 
========================================================================
Received Import Request.
  path: Assets/jupiter_empty.prefab
  artifactKey: Guid(eed052f5e2ef49d4e8df38b8dc28dec7) Importer(815301076,1909f56bfc062723c751e8b465ee728b)
Start importing Assets/jupiter_empty.prefab using Guid(eed052f5e2ef49d4e8df38b8dc28dec7) Importer(815301076,1909f56bfc062723c751e8b465ee728b)  -> (artifact id: '5b99c8203988855c95ef70866ff4e3c9') in 0.182310 seconds 
========================================================================
Received Import Request.
  Time since last request: 39.689263 seconds.
  path: Assets/mars_empty.prefab
  artifactKey: Guid(0124a980a66bed14185666aa09ef2466) Importer(815301076,1909f56bfc062723c751e8b465ee728b)
Start importing Assets/mars_empty.prefab using Guid(0124a980a66bed14185666aa09ef2466) Importer(815301076,1909f56bfc062723c751e8b465ee728b)  -> (artifact id: 'fef9d604c194fb3f63ca7b1ad1cbaeac') in 0.049615 seconds 
========================================================================
Received Import Request.
  Time since last request: 1.789406 seconds.
  path: Assets/mercury_empty.prefab
  artifactKey: Guid(b84162fc728cbbe4fae7ffd4c9449fad) Importer(815301076,1909f56bfc062723c751e8b465ee728b)
Start importing Assets/mercury_empty.prefab using Guid(b84162fc728cbbe4fae7ffd4c9449fad) Importer(815301076,1909f56bfc062723c751e8b465ee728b)  -> (artifact id: '478fe99f728c298b901c633cb4079889') in 0.041769 seconds 
========================================================================
Received Import Request.
  Time since last request: 1.984098 seconds.
  path: Assets/moon_Empty.prefab
  artifactKey: Guid(b4c3d1a1f2459f24383a62a2b73b1821) Importer(815301076,1909f56bfc062723c751e8b465ee728b)
Start importing Assets/moon_Empty.prefab using Guid(b4c3d1a1f2459f24383a62a2b73b1821) Importer(815301076,1909f56bfc062723c751e8b465ee728b)  -> (artifact id: '69b0d629f05dcb57b4d65c6e152e6ae0') in 0.046417 seconds 
========================================================================
Received Import Request.
  Time since last request: 1.448161 seconds.
  path: Assets/neptune_empty.prefab
  artifactKey: Guid(660096c5992321446b7954e5c0d3c649) Importer(815301076,1909f56bfc062723c751e8b465ee728b)
Start importing Assets/neptune_empty.prefab using Guid(660096c5992321446b7954e5c0d3c649) Importer(815301076,1909f56bfc062723c751e8b465ee728b)  -> (artifact id: '35ad975d4af81e6765054ef40b0dd69b') in 0.041390 seconds 
========================================================================
Received Import Request.
  Time since last request: 1.504399 seconds.
  path: Assets/saturn_empty.prefab
  artifactKey: Guid(343fc89e10f20b94788d64879c87eb36) Importer(815301076,1909f56bfc062723c751e8b465ee728b)
Start importing Assets/saturn_empty.prefab using Guid(343fc89e10f20b94788d64879c87eb36) Importer(815301076,1909f56bfc062723c751e8b465ee728b)  -> (artifact id: '3628be5d668c3239d5baa6425fe0f8bf') in 0.054023 seconds 
========================================================================
Received Import Request.
  Time since last request: 1.349913 seconds.
  path: Assets/uranus_empty.prefab
  artifactKey: Guid(767bdb84eb396114880aff8a67c1ea3c) Importer(815301076,1909f56bfc062723c751e8b465ee728b)
Start importing Assets/uranus_empty.prefab using Guid(767bdb84eb396114880aff8a67c1ea3c) Importer(815301076,1909f56bfc062723c751e8b465ee728b)  -> (artifact id: 'baa258e69bbe3aba936ab1770b0ce598') in 0.033998 seconds 
========================================================================
Received Import Request.
  Time since last request: 1.215356 seconds.
  path: Assets/venus_empty.prefab
  artifactKey: Guid(b38dfa2040f967240a563b26787357b7) Importer(815301076,1909f56bfc062723c751e8b465ee728b)
Start importing Assets/venus_empty.prefab using Guid(b38dfa2040f967240a563b26787357b7) Importer(815301076,1909f56bfc062723c751e8b465ee728b)  -> (artifact id: '583688f35ae66a46b3151b24cffafb95') in 0.037793 seconds 
========================================================================
Received Prepare
Shader 'Oculus/OVRMRCameraFrameLit': fallback shader 'Alpha-Diffuse' not found
Refreshing native plugins compatible for Editor in 13.29 ms, found 6 plugins.
Preloading 1 native plugins for Editor in 0.09 ms.
Unloading 34 Unused Serialized files (Serialized files now loaded: 0)
System memory in use before: 72.0 MB.
System memory in use after: 72.2 MB.

Unloading 35 unused Assets to reduce memory usage. Loaded Objects now: 3430.
Total: 4.507900 ms (FindLiveObjects: 0.370000 ms CreateObjectMapping: 0.194900 ms MarkObjects: 3.894800 ms  DeleteObjects: 0.047200 ms)

AssetImportParameters requested are different than current active one (requested -> active):
  custom:framework-win-MediaFoundation: 216162199b28c13a410421893ffa2e32 -> 
  custom:video-decoder-ogg-theora: a1e56fd34408186e4bbccfd4996cb3dc -> 
  custom:container-muxer-webm: aa71ff27fc2769a1b78a27578f13a17b -> 
  custom:container-demuxer-webm: 4f35f7cbe854078d1ac9338744f61a02 -> 
  custom:container-demuxer-ogg: 62fdf1f143b41e24485cea50d1cbac27 -> 
  custom:video-encoder-webm-vp8: eb34c28f22e8b96e1ab97ce403110664 -> 
  custom:video-codec-MediaFoundation-h265: 746d11721c4dcdbdad8f713fa42b33f4 -> 
  custom:video-decoder-webm-vp8: 9c59270c3fd7afecdb556c50c9e8de78 -> 
  custom:audio-decoder-ogg-vorbis: bf7c407c2cedff20999df2af8eb42d56 -> 
  custom:audio-encoder-webm-vorbis: bf7c407c2cedff20999df2af8eb42d56 -> 
========================================================================
Received Import Request.
  Time since last request: 370.144770 seconds.
  path: Assets/Gauntlet_0.fbx
  artifactKey: Guid(1796171d988ec0c4ca82ee6537656c00) Importer(815301076,1909f56bfc062723c751e8b465ee728b)
Start importing Assets/Gauntlet_0.fbx using Guid(1796171d988ec0c4ca82ee6537656c00) Importer(815301076,1909f56bfc062723c751e8b465ee728b)  -> (artifact id: '84e89015616f5cf878706836b31b0a63') in 0.275497 seconds 
========================================================================
Received Import Request.
  Time since last request: 136.713499 seconds.
  path: Assets/jupiter_empty.prefab
  artifactKey: Guid(eed052f5e2ef49d4e8df38b8dc28dec7) Importer(815301076,1909f56bfc062723c751e8b465ee728b)
Start importing Assets/jupiter_empty.prefab using Guid(eed052f5e2ef49d4e8df38b8dc28dec7) Importer(815301076,1909f56bfc062723c751e8b465ee728b)  -> (artifact id: '3064472d7a1e0f4956b908d8ed184efa') in 0.054866 seconds 
========================================================================
Received Import Request.
  Time since last request: 24.797498 seconds.
  path: Assets/mars_empty.prefab
  artifactKey: Guid(0124a980a66bed14185666aa09ef2466) Importer(815301076,1909f56bfc062723c751e8b465ee728b)
Start importing Assets/mars_empty.prefab using Guid(0124a980a66bed14185666aa09ef2466) Importer(815301076,1909f56bfc062723c751e8b465ee728b)  -> (artifact id: 'cbacd5dd76a3e13efcc808b3707aeecd') in 0.052876 seconds 
========================================================================
Received Import Request.
  Time since last request: 1.327960 seconds.
  path: Assets/mercury_empty.prefab
  artifactKey: Guid(b84162fc728cbbe4fae7ffd4c9449fad) Importer(815301076,1909f56bfc062723c751e8b465ee728b)
Start importing Assets/mercury_empty.prefab using Guid(b84162fc728cbbe4fae7ffd4c9449fad) Importer(815301076,1909f56bfc062723c751e8b465ee728b)  -> (artifact id: 'f4d1107184666415ac85de10b21fe009') in 0.062768 seconds 
========================================================================
Received Import Request.
  Time since last request: 1.219819 seconds.
  path: Assets/moon_Empty.prefab
  artifactKey: Guid(b4c3d1a1f2459f24383a62a2b73b1821) Importer(815301076,1909f56bfc062723c751e8b465ee728b)
Start importing Assets/moon_Empty.prefab using Guid(b4c3d1a1f2459f24383a62a2b73b1821) Importer(815301076,1909f56bfc062723c751e8b465ee728b)  -> (artifact id: 'd4fad687dd2cc3d0fe8c0a8154f25450') in 0.056570 seconds 
========================================================================
Received Import Request.
  Time since last request: 1.272420 seconds.
  path: Assets/neptune_empty.prefab
  artifactKey: Guid(660096c5992321446b7954e5c0d3c649) Importer(815301076,1909f56bfc062723c751e8b465ee728b)
Start importing Assets/neptune_empty.prefab using Guid(660096c5992321446b7954e5c0d3c649) Importer(815301076,1909f56bfc062723c751e8b465ee728b)  -> (artifact id: '0223dc5db6917a93316dd9d57505fa4c') in 0.043358 seconds 
========================================================================
Received Import Request.
  Time since last request: 1.393005 seconds.
  path: Assets/saturn_empty.prefab
  artifactKey: Guid(343fc89e10f20b94788d64879c87eb36) Importer(815301076,1909f56bfc062723c751e8b465ee728b)
Start importing Assets/saturn_empty.prefab using Guid(343fc89e10f20b94788d64879c87eb36) Importer(815301076,1909f56bfc062723c751e8b465ee728b)  -> (artifact id: 'f0d2006cc88716aaaf949825b9384df0') in 0.050685 seconds 
========================================================================
Received Import Request.
  Time since last request: 0.931444 seconds.
  path: Assets/uranus_empty.prefab
  artifactKey: Guid(767bdb84eb396114880aff8a67c1ea3c) Importer(815301076,1909f56bfc062723c751e8b465ee728b)
Start importing Assets/uranus_empty.prefab using Guid(767bdb84eb396114880aff8a67c1ea3c) Importer(815301076,1909f56bfc062723c751e8b465ee728b)  -> (artifact id: '8a81c7797145f439c389ee3115f7612c') in 0.033512 seconds 
========================================================================
Received Import Request.
  Time since last request: 1.669966 seconds.
  path: Assets/venus_empty.prefab
  artifactKey: Guid(b38dfa2040f967240a563b26787357b7) Importer(815301076,1909f56bfc062723c751e8b465ee728b)
Start importing Assets/venus_empty.prefab using Guid(b38dfa2040f967240a563b26787357b7) Importer(815301076,1909f56bfc062723c751e8b465ee728b)  -> (artifact id: '13d03406ab90277de947095882632c7f') in 0.033545 seconds 
========================================================================
Received Prepare
Shader 'Oculus/OVRMRCameraFrameLit': fallback shader 'Alpha-Diffuse' not found
Refreshing native plugins compatible for Editor in 12.28 ms, found 6 plugins.
Preloading 1 native plugins for Editor in 0.13 ms.
Unloading 34 Unused Serialized files (Serialized files now loaded: 0)
System memory in use before: 86.2 MB.
System memory in use after: 86.4 MB.

Unloading 35 unused Assets to reduce memory usage. Loaded Objects now: 3467.
Total: 6.257800 ms (FindLiveObjects: 0.499500 ms CreateObjectMapping: 0.248400 ms MarkObjects: 5.463700 ms  DeleteObjects: 0.044600 ms)

AssetImportParameters requested are different than current active one (requested -> active):
  custom:framework-win-MediaFoundation: 216162199b28c13a410421893ffa2e32 -> 
  custom:video-decoder-ogg-theora: a1e56fd34408186e4bbccfd4996cb3dc -> 
  custom:container-muxer-webm: aa71ff27fc2769a1b78a27578f13a17b -> 
  custom:container-demuxer-webm: 4f35f7cbe854078d1ac9338744f61a02 -> 
  custom:container-demuxer-ogg: 62fdf1f143b41e24485cea50d1cbac27 -> 
  custom:video-encoder-webm-vp8: eb34c28f22e8b96e1ab97ce403110664 -> 
  custom:video-codec-MediaFoundation-h265: 746d11721c4dcdbdad8f713fa42b33f4 -> 
  custom:video-decoder-webm-vp8: 9c59270c3fd7afecdb556c50c9e8de78 -> 
  custom:audio-decoder-ogg-vorbis: bf7c407c2cedff20999df2af8eb42d56 -> 
  custom:audio-encoder-webm-vorbis: bf7c407c2cedff20999df2af8eb42d56 -> 
AssetImportWorkerClient::OnTransportError - code=2 error=End of file
